<?xml version="1.0" encoding="utf-8"?>
<coverage line-rate="0.8214" branch-rate="0.8332999999999999" version="1.9" timestamp="1771677198" lines-covered="46" lines-valid="56" branches-covered="15" branches-valid="18">
  <sources>
    <source>/Users/chandradiharja/Source/K/Solver/</source>
  </sources>
  <packages>
    <package name="Solver" line-rate="0.8214" branch-rate="0.8332999999999999" complexity="19">
      <classes>
        <class name="Solver.Program" filename="Program.cs" line-rate="0" branch-rate="0" complexity="2">
          <methods>
            <method name="Main" signature="()" line-rate="0" branch-rate="0" complexity="2">
              <lines>
                <line number="6" hits="0" branch="False" />
                <line number="7" hits="0" branch="False" />
                <line number="8" hits="0" branch="True" condition-coverage="0% (0/2)">
                  <conditions>
                    <condition number="13" type="jump" coverage="0%" />
                  </conditions>
                </line>
                <line number="9" hits="0" branch="False" />
                <line number="10" hits="0" branch="False" />
                <line number="11" hits="0" branch="False" />
                <line number="13" hits="0" branch="False" />
                <line number="14" hits="0" branch="False" />
                <line number="16" hits="0" branch="False" />
                <line number="17" hits="0" branch="False" />
              </lines>
            </method>
          </methods>
          <lines>
            <line number="6" hits="0" branch="False" />
            <line number="7" hits="0" branch="False" />
            <line number="8" hits="0" branch="True" condition-coverage="0% (0/2)">
              <conditions>
                <condition number="13" type="jump" coverage="0%" />
              </conditions>
            </line>
            <line number="9" hits="0" branch="False" />
            <line number="10" hits="0" branch="False" />
            <line number="11" hits="0" branch="False" />
            <line number="13" hits="0" branch="False" />
            <line number="14" hits="0" branch="False" />
            <line number="16" hits="0" branch="False" />
            <line number="17" hits="0" branch="False" />
          </lines>
        </class>
        <class name="Solver.StringSolver" filename="Solver.cs" line-rate="1" branch-rate="0.9375" complexity="17">
          <methods>
            <method name="FindLongest" signature="(System.String)" line-rate="1" branch-rate="1" complexity="2">
              <lines>
                <line number="10" hits="12" branch="False" />
                <line number="11" hits="12" branch="True" condition-coverage="100% (2/2)">
                  <conditions>
                    <condition number="9" type="jump" coverage="100%" />
                  </conditions>
                </line>
                <line number="12" hits="1" branch="False" />
                <line number="13" hits="1" branch="False" />
                <line number="15" hits="16351" branch="False" />
                <line number="16" hits="11" branch="False" />
                <line number="17" hits="12" branch="False" />
              </lines>
            </method>
            <method name="FindLongest" signature="(System.Int32[])" line-rate="1" branch-rate="0.9285" complexity="14">
              <lines>
                <line number="20" hits="12" branch="False" />
                <line number="21" hits="12" branch="True" condition-coverage="75% (3/4)">
                  <conditions>
                    <condition number="2" type="jump" coverage="50%" />
                    <condition number="16" type="jump" coverage="100%" />
                  </conditions>
                </line>
                <line number="22" hits="1" branch="False" />
                <line number="23" hits="1" branch="False" />
                <line number="26" hits="11" branch="False" />
                <line number="27" hits="11" branch="False" />
                <line number="28" hits="11" branch="False" />
                <line number="29" hits="11" branch="False" />
                <line number="30" hits="32680" branch="True" condition-coverage="100% (2/2)">
                  <conditions>
                    <condition number="176" type="jump" coverage="100%" />
                  </conditions>
                </line>
                <line number="31" hits="16329" branch="False" />
                <line number="32" hits="16329" branch="True" condition-coverage="100% (2/2)">
                  <conditions>
                    <condition number="69" type="jump" coverage="100%" />
                  </conditions>
                </line>
                <line number="33" hits="8161" branch="False" />
                <line number="34" hits="8161" branch="False" />
                <line number="35" hits="8161" branch="False" />
                <line number="36" hits="8161" branch="False" />
                <line number="37" hits="16329" branch="True" condition-coverage="100% (2/2)">
                  <conditions>
                    <condition number="107" type="jump" coverage="100%" />
                  </conditions>
                </line>
                <line number="38" hits="16336" branch="False" />
                <line number="39" hits="8168" branch="False" />
                <line number="40" hits="8168" branch="True" condition-coverage="100% (2/2)">
                  <conditions>
                    <condition number="133" type="jump" coverage="100%" />
                  </conditions>
                </line>
                <line number="41" hits="35" branch="False" />
                <line number="42" hits="35" branch="False" />
                <line number="43" hits="35" branch="False" />
                <line number="44" hits="35" branch="False" />
                <line number="45" hits="8168" branch="False" />
                <line number="46" hits="8168" branch="False" />
                <line number="47" hits="8168" branch="False" />
                <line number="48" hits="16329" branch="False" />
                <line number="49" hits="11" branch="False" />
                <line number="50" hits="11" branch="False" />
                <line number="51" hits="11" branch="True" condition-coverage="100% (2/2)">
                  <conditions>
                    <condition number="204" type="jump" coverage="100%" />
                  </conditions>
                </line>
                <line number="52" hits="1" branch="False" />
                <line number="53" hits="1" branch="False" />
                <line number="54" hits="1" branch="False" />
                <line number="55" hits="1" branch="False" />
                <line number="57" hits="11" branch="False" />
                <line number="58" hits="12" branch="False" />
              </lines>
            </method>
            <method name=".ctor" signature="()" line-rate="1" branch-rate="1" complexity="1">
              <lines>
                <line number="5" hits="13" branch="False" />
                <line number="6" hits="13" branch="False" />
                <line number="7" hits="13" branch="False" />
              </lines>
            </method>
          </methods>
          <lines>
            <line number="10" hits="12" branch="False" />
            <line number="11" hits="12" branch="True" condition-coverage="100% (2/2)">
              <conditions>
                <condition number="9" type="jump" coverage="100%" />
              </conditions>
            </line>
            <line number="12" hits="1" branch="False" />
            <line number="13" hits="1" branch="False" />
            <line number="15" hits="16351" branch="False" />
            <line number="16" hits="11" branch="False" />
            <line number="17" hits="12" branch="False" />
            <line number="20" hits="12" branch="False" />
            <line number="21" hits="12" branch="True" condition-coverage="75% (3/4)">
              <conditions>
                <condition number="2" type="jump" coverage="50%" />
                <condition number="16" type="jump" coverage="100%" />
              </conditions>
            </line>
            <line number="22" hits="1" branch="False" />
            <line number="23" hits="1" branch="False" />
            <line number="26" hits="11" branch="False" />
            <line number="27" hits="11" branch="False" />
            <line number="28" hits="11" branch="False" />
            <line number="29" hits="11" branch="False" />
            <line number="30" hits="32680" branch="True" condition-coverage="100% (2/2)">
              <conditions>
                <condition number="176" type="jump" coverage="100%" />
              </conditions>
            </line>
            <line number="31" hits="16329" branch="False" />
            <line number="32" hits="16329" branch="True" condition-coverage="100% (2/2)">
              <conditions>
                <condition number="69" type="jump" coverage="100%" />
              </conditions>
            </line>
            <line number="33" hits="8161" branch="False" />
            <line number="34" hits="8161" branch="False" />
            <line number="35" hits="8161" branch="False" />
            <line number="36" hits="8161" branch="False" />
            <line number="37" hits="16329" branch="True" condition-coverage="100% (2/2)">
              <conditions>
                <condition number="107" type="jump" coverage="100%" />
              </conditions>
            </line>
            <line number="38" hits="16336" branch="False" />
            <line number="39" hits="8168" branch="False" />
            <line number="40" hits="8168" branch="True" condition-coverage="100% (2/2)">
              <conditions>
                <condition number="133" type="jump" coverage="100%" />
              </conditions>
            </line>
            <line number="41" hits="35" branch="False" />
            <line number="42" hits="35" branch="False" />
            <line number="43" hits="35" branch="False" />
            <line number="44" hits="35" branch="False" />
            <line number="45" hits="8168" branch="False" />
            <line number="46" hits="8168" branch="False" />
            <line number="47" hits="8168" branch="False" />
            <line number="48" hits="16329" branch="False" />
            <line number="49" hits="11" branch="False" />
            <line number="50" hits="11" branch="False" />
            <line number="51" hits="11" branch="True" condition-coverage="100% (2/2)">
              <conditions>
                <condition number="204" type="jump" coverage="100%" />
              </conditions>
            </line>
            <line number="52" hits="1" branch="False" />
            <line number="53" hits="1" branch="False" />
            <line number="54" hits="1" branch="False" />
            <line number="55" hits="1" branch="False" />
            <line number="57" hits="11" branch="False" />
            <line number="58" hits="12" branch="False" />
            <line number="5" hits="13" branch="False" />
            <line number="6" hits="13" branch="False" />
            <line number="7" hits="13" branch="False" />
          </lines>
        </class>
      </classes>
    </package>
  </packages>
</coverage>